<?xml version="1.0" encoding="UTF-8"?>
<testng-results ignored="0" total="6" passed="5" failed="1" skipped="0">
  <reporter-output>
    <line>
      <![CDATA[Testing with input list from XML: [NFLX, MSFT, TSLA, AAPL, GOOG]]]>
    </line>
    <line>
      <![CDATA[Actual displayed ticker list: [TSLA, META, AMZN, MSFT, BABA, BA]]]>
    </line>
    <line>
      <![CDATA[Testing with input list from XML: [NFLX, MSFT, TSLA, AAPL, GOOG]]]>
    </line>
    <line>
      <![CDATA[Actual displayed ticker list: [TSLA, META, AMZN, MSFT, BABA, BA]]]>
    </line>
    <line>
      <![CDATA[ List of Stock Symbols which are in Actual list but not in Expected List]]>
    </line>
    <line>
      <![CDATA[ Actual Displayed ticker list: ]]>
    </line>
    <line>
      <![CDATA[TSLA]]>
    </line>
    <line>
      <![CDATA[META]]>
    </line>
    <line>
      <![CDATA[AMZN]]>
    </line>
    <line>
      <![CDATA[MSFT]]>
    </line>
    <line>
      <![CDATA[BABA]]>
    </line>
    <line>
      <![CDATA[BA]]>
    </line>
    <line>
      <![CDATA[Actual Title: You may be interested in
info]]>
    </line>
  </reporter-output>
  <suite started-at="2025-04-25T12:43:34 PDT" name="All Test Suite" finished-at="2025-04-25T12:43:40 PDT" duration-ms="5482">
    <groups>
    </groups>
    <test started-at="2025-04-25T12:43:34 PDT" name="AlTruistDemo" finished-at="2025-04-25T12:43:40 PDT" duration-ms="5482">
      <class name="PageTests.GoogleFinanceHomePageTest">
        <test-method is-config="true" signature="InitialSetUp()[pri:0, instance:PageTests.GoogleFinanceHomePageTest@1bd4fdd]" started-at="2025-04-25T12:43:34 PDT" name="InitialSetUp" finished-at="2025-04-25T12:43:39 PDT" duration-ms="4598" status="PASS">
          <reporter-output>
          </reporter-output>
        </test-method> <!-- InitialSetUp -->
        <test-method signature="compareListAndDisplaySymbolsTest(java.lang.String)[pri:1, instance:PageTests.GoogleFinanceHomePageTest@1bd4fdd]" started-at="2025-04-25T12:43:39 PDT" name="compareListAndDisplaySymbolsTest" finished-at="2025-04-25T12:43:39 PDT" duration-ms="149" status="PASS">
          <params>
            <param index="0">
              <value>
                <![CDATA[NFLX,MSFT,TSLA,AAPL,GOOG]]>
              </value>
            </param>
          </params>
          <reporter-output>
            <line>
              <![CDATA[Testing with input list from XML: [NFLX, MSFT, TSLA, AAPL, GOOG]]]>
            </line>
            <line>
              <![CDATA[Actual displayed ticker list: [TSLA, META, AMZN, MSFT, BABA, BA]]]>
            </line>
          </reporter-output>
        </test-method> <!-- compareListAndDisplaySymbolsTest -->
        <test-method signature="verifyMissingSymbolsInListsTest(java.lang.String)[pri:1, instance:PageTests.GoogleFinanceHomePageTest@1bd4fdd]" started-at="2025-04-25T12:43:39 PDT" name="verifyMissingSymbolsInListsTest" finished-at="2025-04-25T12:43:39 PDT" duration-ms="98" status="PASS">
          <params>
            <param index="0">
              <value>
                <![CDATA[NFLX,MSFT,TSLA,AAPL,GOOG]]>
              </value>
            </param>
          </params>
          <reporter-output>
            <line>
              <![CDATA[Testing with input list from XML: [NFLX, MSFT, TSLA, AAPL, GOOG]]]>
            </line>
            <line>
              <![CDATA[Actual displayed ticker list: [TSLA, META, AMZN, MSFT, BABA, BA]]]>
            </line>
            <line>
              <![CDATA[ List of Stock Symbols which are in Actual list but not in Expected List]]>
            </line>
          </reporter-output>
        </test-method> <!-- verifyMissingSymbolsInListsTest -->
        <test-method signature="verifyPageHeaderTest()[pri:1, instance:PageTests.GoogleFinanceHomePageTest@1bd4fdd]" started-at="2025-04-25T12:43:39 PDT" name="verifyPageHeaderTest" finished-at="2025-04-25T12:43:39 PDT" duration-ms="56" status="PASS">
          <reporter-output>
          </reporter-output>
        </test-method> <!-- verifyPageHeaderTest -->
        <test-method signature="verifyRetrieveTickerTest()[pri:1, instance:PageTests.GoogleFinanceHomePageTest@1bd4fdd]" started-at="2025-04-25T12:43:39 PDT" name="verifyRetrieveTickerTest" finished-at="2025-04-25T12:43:39 PDT" duration-ms="70" status="PASS">
          <reporter-output>
            <line>
              <![CDATA[ Actual Displayed ticker list: ]]>
            </line>
            <line>
              <![CDATA[TSLA]]>
            </line>
            <line>
              <![CDATA[META]]>
            </line>
            <line>
              <![CDATA[AMZN]]>
            </line>
            <line>
              <![CDATA[MSFT]]>
            </line>
            <line>
              <![CDATA[BABA]]>
            </line>
            <line>
              <![CDATA[BA]]>
            </line>
          </reporter-output>
        </test-method> <!-- verifyRetrieveTickerTest -->
        <test-method signature="verifyWatchListHeaderTitleTest()[pri:1, instance:PageTests.GoogleFinanceHomePageTest@1bd4fdd]" started-at="2025-04-25T12:43:39 PDT" name="verifyWatchListHeaderTitleTest" finished-at="2025-04-25T12:43:39 PDT" duration-ms="89" status="PASS">
          <reporter-output>
            <line>
              <![CDATA[Actual Title: You may be interested in
info]]>
            </line>
          </reporter-output>
        </test-method> <!-- verifyWatchListHeaderTitleTest -->
        <test-method signature="compareListPassFailsTest(java.lang.String)[pri:2, instance:PageTests.GoogleFinanceHomePageTest@1bd4fdd]" started-at="2025-04-25T12:43:39 PDT" name="compareListPassFailsTest" finished-at="2025-04-25T12:43:39 PDT" duration-ms="66" status="FAIL">
          <params>
            <param index="0">
              <value>
                <![CDATA[NFLX,MSFT,TSLA,AAPL,GOOG]]>
              </value>
            </param>
          </params>
          <exception class="java.lang.AssertionError">
            <message>
              <![CDATA[Actual and Expected Stock symbols are not same!!: lists don't have the same size expected [6] but found [5]]]>
            </message>
            <full-stacktrace>
              <![CDATA[java.lang.AssertionError: Actual and Expected Stock symbols are not same!!: lists don't have the same size expected [6] but found [5]
at org.testng.Assert.fail(Assert.java:111)
at org.testng.Assert.failNotEquals(Assert.java:1578)
at org.testng.Assert.assertEqualsImpl(Assert.java:150)
at org.testng.Assert.assertEquals(Assert.java:132)
at org.testng.Assert.assertEquals(Assert.java:1419)
at org.testng.Assert.assertEquals(Assert.java:1383)
at org.testng.Assert.assertEquals(Assert.java:1630)
at PageTests.GoogleFinanceHomePageTest.compareListPassFailsTest(GoogleFinanceHomePageTest.java:122)
at java.base/jdk.internal.reflect.DirectMethodHandleAccessor.invoke(DirectMethodHandleAccessor.java:103)
at java.base/java.lang.reflect.Method.invoke(Method.java:580)
at org.testng.internal.invokers.MethodInvocationHelper.invokeMethod(MethodInvocationHelper.java:141)
at org.testng.internal.invokers.TestInvoker.invokeMethod(TestInvoker.java:686)
at org.testng.internal.invokers.TestInvoker.invokeTestMethod(TestInvoker.java:230)
at org.testng.internal.invokers.MethodRunner.runInSequence(MethodRunner.java:63)
at org.testng.internal.invokers.TestInvoker$MethodInvocationAgent.invoke(TestInvoker.java:992)
at org.testng.internal.invokers.TestInvoker.invokeTestMethods(TestInvoker.java:203)
at org.testng.internal.invokers.TestMethodWorker.invokeTestMethods(TestMethodWorker.java:154)
at org.testng.internal.invokers.TestMethodWorker.run(TestMethodWorker.java:134)
at java.base/java.util.ArrayList.forEach(ArrayList.java:1596)
at org.testng.TestRunner.privateRun(TestRunner.java:739)
at org.testng.TestRunner.run(TestRunner.java:614)
at org.testng.SuiteRunner.runTest(SuiteRunner.java:421)
at org.testng.SuiteRunner.runSequentially(SuiteRunner.java:413)
at org.testng.SuiteRunner.privateRun(SuiteRunner.java:373)
at org.testng.SuiteRunner.run(SuiteRunner.java:312)
at org.testng.SuiteRunnerWorker.runSuite(SuiteRunnerWorker.java:52)
at org.testng.SuiteRunnerWorker.run(SuiteRunnerWorker.java:95)
at org.testng.TestNG.runSuitesSequentially(TestNG.java:1274)
at org.testng.TestNG.runSuitesLocally(TestNG.java:1208)
at org.testng.TestNG.runSuites(TestNG.java:1112)
at org.testng.TestNG.run(TestNG.java:1079)
at com.intellij.rt.testng.IDEARemoteTestNG.run(IDEARemoteTestNG.java:65)
at com.intellij.rt.testng.RemoteTestNGStarter.main(RemoteTestNGStarter.java:105)
]]>
            </full-stacktrace>
          </exception> <!-- java.lang.AssertionError -->
          <reporter-output>
          </reporter-output>
        </test-method> <!-- compareListPassFailsTest -->
        <test-method is-config="true" signature="quitDriver()[pri:0, instance:PageTests.GoogleFinanceHomePageTest@1bd4fdd]" started-at="2025-04-25T12:43:39 PDT" name="quitDriver" finished-at="2025-04-25T12:43:40 PDT" duration-ms="267" status="PASS">
          <reporter-output>
          </reporter-output>
        </test-method> <!-- quitDriver -->
      </class> <!-- PageTests.GoogleFinanceHomePageTest -->
    </test> <!-- AlTruistDemo -->
  </suite> <!-- All Test Suite -->
</testng-results>
