<?xml version="1.0" encoding="UTF-8"?>
<!-- Generated by org.testng.reporters.JUnitReportReporter -->
<testsuite hostname="DESKTOP-795M0GK" failures="1" tests="15" name="PageTests.GoogleFinanceHomePageTest" time="11.127" errors="1" timestamp="2025-05-01T10:24:00 PDT" skipped="0">
  <testcase classname="PageTests.GoogleFinanceHomePageTest" name="verifyStockAndPriceTest" time="0.217"/>
  <testcase classname="PageTests.GoogleFinanceHomePageTest" name="compareListAndDisplaySymbolsTest" time="0.189">
    <system-out>
      <![CDATA[Testing with input list from XML: [NFLX, MSFT, TSLA, AAPL, GOOG]
Actual displayed ticker list: [MSFT, META, AMZN, MS, TSLA, INDEX]]]>
    </system-out>
  </testcase> <!-- compareListAndDisplaySymbolsTest -->
  <testcase classname="PageTests.GoogleFinanceHomePageTest" name="verifySearchStockSymbolTest" time="2.027">
    <system-out>
      <![CDATA[Search for:AMZN]]>
    </system-out>
  </testcase> <!-- verifySearchStockSymbolTest -->
  <testcase classname="PageTests.GoogleFinanceHomePageTest" name="verifyRetrieveTickerTest" time="0.140">
    <system-out>
      <![CDATA[ Actual Displayed ticker list: 
MSFT
META
AMZN
MS
TSLA
INDEX]]>
    </system-out>
  </testcase> <!-- verifyRetrieveTickerTest -->
  <testcase classname="PageTests.GoogleFinanceHomePageTest" name="verifyPageHeaderTest" time="0.092"/>
  <testcase classname="PageTests.GoogleFinanceHomePageTest" name="verifyWatchListHeaderTitleTest" time="0.176">
    <system-out>
      <![CDATA[Actual Title: You may be interested in
info]]>
    </system-out>
  </testcase> <!-- verifyWatchListHeaderTitleTest -->
  <testcase classname="PageTests.GoogleFinanceHomePageTest" name="verifySearchStockSymbolTest" time="2.207">
    <system-out>
      <![CDATA[Search for:MSFT]]>
    </system-out>
  </testcase> <!-- verifySearchStockSymbolTest -->
  <testcase classname="PageTests.GoogleFinanceHomePageTest" name="verifyMissingSymbolsInListsTest" time="0.136">
    <system-out>
      <![CDATA[Testing with input list from XML: [NFLX, MSFT, TSLA, AAPL, GOOG]
Actual displayed ticker list: [MSFT, META, AMZN, MS, TSLA, INDEX]
 List of Stock Symbols which are in Actual list but not in Expected List]]>
    </system-out>
  </testcase> <!-- verifyMissingSymbolsInListsTest -->
  <testcase classname="PageTests.GoogleFinanceHomePageTest" name="compareActualListWithGivenExpected" time="0.203">
    <system-out>
      <![CDATA[Testing with input list from XML: [NFLX, MSFT, TSLA, AAPL, GOOG]
Actual displayed ticker list: [MSFT, META, AMZN, MS, TSLA, INDEX]]]>
    </system-out>
  </testcase> <!-- compareActualListWithGivenExpected -->
  <testcase classname="PageTests.GoogleFinanceHomePageTest" name="verifySearchStockSymbolTest" time="1.742">
    <system-out>
      <![CDATA[Search for:GOOG]]>
    </system-out>
  </testcase> <!-- verifySearchStockSymbolTest -->
  <testcase classname="PageTests.GoogleFinanceHomePageTest" name="verifySearchStockSymbolTest" time="2.213">
    <system-out>
      <![CDATA[Search for:TSLA]]>
    </system-out>
  </testcase> <!-- verifySearchStockSymbolTest -->
  <testcase classname="PageTests.GoogleFinanceHomePageTest" name="verifyMarketTrendIndexLinkTest" time="1.120"/>
  <testcase classname="PageTests.GoogleFinanceHomePageTest" name="compareListPassFailsTest" time="0.212">
    <failure message="Actual and Expected Stock symbols are not same!!: lists don&#039;t have the same size expected [6] but found [5]" type="java.lang.AssertionError">
      <![CDATA[java.lang.AssertionError: Actual and Expected Stock symbols are not same!!: lists don't have the same size expected [6] but found [5]
at org.testng.Assert.fail(Assert.java:111)
at org.testng.Assert.failNotEquals(Assert.java:1578)
at org.testng.Assert.assertEqualsImpl(Assert.java:150)
at org.testng.Assert.assertEquals(Assert.java:132)
at org.testng.Assert.assertEquals(Assert.java:1419)
at org.testng.Assert.assertEquals(Assert.java:1383)
at org.testng.Assert.assertEquals(Assert.java:1630)
at PageTests.GoogleFinanceHomePageTest.compareListPassFailsTest(GoogleFinanceHomePageTest.java:148)
at java.base/jdk.internal.reflect.DirectMethodHandleAccessor.invoke(DirectMethodHandleAccessor.java:103)
at java.base/java.lang.reflect.Method.invoke(Method.java:580)
at org.testng.internal.invokers.MethodInvocationHelper.invokeMethod(MethodInvocationHelper.java:141)
at org.testng.internal.invokers.TestInvoker.invokeMethod(TestInvoker.java:686)
at org.testng.internal.invokers.TestInvoker.invokeTestMethod(TestInvoker.java:230)
at org.testng.internal.invokers.MethodRunner.runInSequence(MethodRunner.java:63)
at org.testng.internal.invokers.TestInvoker$MethodInvocationAgent.invoke(TestInvoker.java:992)
at org.testng.internal.invokers.TestInvoker.invokeTestMethods(TestInvoker.java:203)
at org.testng.internal.invokers.TestMethodWorker.invokeTestMethods(TestMethodWorker.java:154)
at org.testng.internal.invokers.TestMethodWorker.run(TestMethodWorker.java:134)
at java.base/java.util.ArrayList.forEach(ArrayList.java:1596)
at org.testng.TestRunner.privateRun(TestRunner.java:739)
at org.testng.TestRunner.run(TestRunner.java:614)
at org.testng.SuiteRunner.runTest(SuiteRunner.java:421)
at org.testng.SuiteRunner.runSequentially(SuiteRunner.java:413)
at org.testng.SuiteRunner.privateRun(SuiteRunner.java:373)
at org.testng.SuiteRunner.run(SuiteRunner.java:312)
at org.testng.SuiteRunnerWorker.runSuite(SuiteRunnerWorker.java:52)
at org.testng.SuiteRunnerWorker.run(SuiteRunnerWorker.java:95)
at org.testng.TestNG.runSuitesSequentially(TestNG.java:1274)
at org.testng.TestNG.runSuitesLocally(TestNG.java:1208)
at org.testng.TestNG.runSuites(TestNG.java:1112)
at org.testng.TestNG.run(TestNG.java:1079)
at com.intellij.rt.testng.IDEARemoteTestNG.run(IDEARemoteTestNG.java:65)
at com.intellij.rt.testng.RemoteTestNGStarter.main(RemoteTestNGStarter.java:105)
]]>
    </failure>
  </testcase> <!-- compareListPassFailsTest -->
  <testcase classname="PageTests.GoogleFinanceHomePageTest" name="verifyToolTipTest" time="0.056">
    <error message="element not interactable: [object HTMLDivElement] has no size and location
  (Session info: chrome=135.0.7049.115)
Build info: version: &#039;4.26.0&#039;, revision: &#039;8ccf0219d7&#039;
System info: os.name: &#039;Windows 11&#039;, os.arch: &#039;amd64&#039;, os.version: &#039;10.0&#039;, java.version: &#039;21.0.1&#039;
Driver info: org.openqa.selenium.chrome.ChromeDriver
Command: [f173373f93a4e43e66650489e2440e56, actions {actions=[org.openqa.selenium.interactions.Sequence@65e7f52a]}]
Capabilities {acceptInsecureCerts: false, browserName: chrome, browserVersion: 135.0.7049.115, chrome: {chromedriverVersion: 134.0.6998.35 (ea6ef4c2ac15..., userDataDir: C:\Users\prachand\AppData\L...}, fedcm:accounts: true, goog:chromeOptions: {debuggerAddress: localhost:61847}, networkConnectionEnabled: false, pageLoadStrategy: normal, platformName: windows, proxy: Proxy(), se:cdp: ws://localhost:61847/devtoo..., se:cdpVersion: 135.0.7049.115, setWindowRect: true, strictFileInteractability: false, timeouts: {implicit: 0, pageLoad: 300000, script: 30000}, unhandledPromptBehavior: dismiss and notify, webauthn:extension:credBlob: true, webauthn:extension:largeBlob: true, webauthn:extension:minPinLength: true, webauthn:extension:prf: true, webauthn:virtualAuthenticators: true}
Session ID: f173373f93a4e43e66650489e2440e56" type="org.openqa.selenium.ElementNotInteractableException">
      <![CDATA[org.openqa.selenium.ElementNotInteractableException: element not interactable: [object HTMLDivElement] has no size and location
  (Session info: chrome=135.0.7049.115)
Build info: version: '4.26.0', revision: '8ccf0219d7'
System info: os.name: 'Windows 11', os.arch: 'amd64', os.version: '10.0', java.version: '21.0.1'
Driver info: org.openqa.selenium.chrome.ChromeDriver
Command: [f173373f93a4e43e66650489e2440e56, actions {actions=[org.openqa.selenium.interactions.Sequence@65e7f52a]}]
Capabilities {acceptInsecureCerts: false, browserName: chrome, browserVersion: 135.0.7049.115, chrome: {chromedriverVersion: 134.0.6998.35 (ea6ef4c2ac15..., userDataDir: C:\Users\prachand\AppData\L...}, fedcm:accounts: true, goog:chromeOptions: {debuggerAddress: localhost:61847}, networkConnectionEnabled: false, pageLoadStrategy: normal, platformName: windows, proxy: Proxy(), se:cdp: ws://localhost:61847/devtoo..., se:cdpVersion: 135.0.7049.115, setWindowRect: true, strictFileInteractability: false, timeouts: {implicit: 0, pageLoad: 300000, script: 30000}, unhandledPromptBehavior: dismiss and notify, webauthn:extension:credBlob: true, webauthn:extension:largeBlob: true, webauthn:extension:minPinLength: true, webauthn:extension:prf: true, webauthn:virtualAuthenticators: true}
Session ID: f173373f93a4e43e66650489e2440e56
at java.base/jdk.internal.reflect.DirectConstructorHandleAccessor.newInstance(DirectConstructorHandleAccessor.java:62)
at java.base/java.lang.reflect.Constructor.newInstanceWithCaller(Constructor.java:502)
at java.base/java.lang.reflect.Constructor.newInstance(Constructor.java:486)
at org.openqa.selenium.remote.ErrorCodec.decode(ErrorCodec.java:167)
at org.openqa.selenium.remote.codec.w3c.W3CHttpResponseCodec.decode(W3CHttpResponseCodec.java:138)
at org.openqa.selenium.remote.codec.w3c.W3CHttpResponseCodec.decode(W3CHttpResponseCodec.java:50)
at org.openqa.selenium.remote.HttpCommandExecutor.execute(HttpCommandExecutor.java:190)
at org.openqa.selenium.remote.service.DriverCommandExecutor.invokeExecute(DriverCommandExecutor.java:216)
at org.openqa.selenium.remote.service.DriverCommandExecutor.execute(DriverCommandExecutor.java:174)
at org.openqa.selenium.remote.RemoteWebDriver.execute(RemoteWebDriver.java:545)
at org.openqa.selenium.remote.RemoteWebDriver.perform(RemoteWebDriver.java:631)
at org.openqa.selenium.interactions.Actions$BuiltAction.perform(Actions.java:613)
at Pages.GoogleFinanceHomePage.stockFollowButtonToolTip(GoogleFinanceHomePage.java:93)
at PageTests.GoogleFinanceHomePageTest.verifyToolTipTest(GoogleFinanceHomePageTest.java:185)
at java.base/jdk.internal.reflect.DirectMethodHandleAccessor.invoke(DirectMethodHandleAccessor.java:103)
at java.base/java.lang.reflect.Method.invoke(Method.java:580)
at org.testng.internal.invokers.MethodInvocationHelper.invokeMethod(MethodInvocationHelper.java:141)
at org.testng.internal.invokers.TestInvoker.invokeMethod(TestInvoker.java:686)
at org.testng.internal.invokers.TestInvoker.invokeTestMethod(TestInvoker.java:230)
at org.testng.internal.invokers.MethodRunner.runInSequence(MethodRunner.java:63)
at org.testng.internal.invokers.TestInvoker$MethodInvocationAgent.invoke(TestInvoker.java:992)
at org.testng.internal.invokers.TestInvoker.invokeTestMethods(TestInvoker.java:203)
at org.testng.internal.invokers.TestMethodWorker.invokeTestMethods(TestMethodWorker.java:154)
at org.testng.internal.invokers.TestMethodWorker.run(TestMethodWorker.java:134)
at java.base/java.util.ArrayList.forEach(ArrayList.java:1596)
at org.testng.TestRunner.privateRun(TestRunner.java:739)
at org.testng.TestRunner.run(TestRunner.java:614)
at org.testng.SuiteRunner.runTest(SuiteRunner.java:421)
at org.testng.SuiteRunner.runSequentially(SuiteRunner.java:413)
at org.testng.SuiteRunner.privateRun(SuiteRunner.java:373)
at org.testng.SuiteRunner.run(SuiteRunner.java:312)
at org.testng.SuiteRunnerWorker.runSuite(SuiteRunnerWorker.java:52)
at org.testng.SuiteRunnerWorker.run(SuiteRunnerWorker.java:95)
at org.testng.TestNG.runSuitesSequentially(TestNG.java:1274)
at org.testng.TestNG.runSuitesLocally(TestNG.java:1208)
at org.testng.TestNG.runSuites(TestNG.java:1112)
at org.testng.TestNG.run(TestNG.java:1079)
at com.intellij.rt.testng.IDEARemoteTestNG.run(IDEARemoteTestNG.java:65)
at com.intellij.rt.testng.RemoteTestNGStarter.main(RemoteTestNGStarter.java:105)
]]>
    </error>
  </testcase> <!-- verifyToolTipTest -->
  <testcase classname="PageTests.GoogleFinanceHomePageTest" name="retrieveStockPriceTest" time="0.397">
    <system-out>
      <![CDATA[Actual displayed stock price list: [+$34.34, +$27.07, +$5.91, +$2.07, +$3.56, +67.57]]]>
    </system-out>
  </testcase> <!-- retrieveStockPriceTest -->
  <system-out>
    <![CDATA[Testing with input list from XML: [NFLX, MSFT, TSLA, AAPL, GOOG]
Actual displayed ticker list: [MSFT, META, AMZN, MS, TSLA, INDEX]
Testing with input list from XML: [NFLX, MSFT, TSLA, AAPL, GOOG]
Actual displayed ticker list: [MSFT, META, AMZN, MS, TSLA, INDEX]
Testing with input list from XML: [NFLX, MSFT, TSLA, AAPL, GOOG]
Actual displayed ticker list: [MSFT, META, AMZN, MS, TSLA, INDEX]
 List of Stock Symbols which are in Actual list but not in Expected List
 Actual Displayed ticker list: 
MSFT
META
AMZN
MS
TSLA
INDEX
Search for:TSLA
Search for:AMZN
Search for:GOOG
Search for:MSFT
Actual Title: You may be interested in
info
Actual displayed stock price list: [+$34.34, +$27.07, +$5.91, +$2.07, +$3.56, +67.57]]]>
  </system-out>
</testsuite> <!-- PageTests.GoogleFinanceHomePageTest -->
